<p>C:/Users/shwet/AppData/Local/Temp/OpenModelica/OMEdit/NonInteractingTanks.TwoConnectedTanks/TwoConnectedTanks.exe -port=57814 -logFormat=xmltcp -startTime=0 -stopTime=1 -stepSize=0.002 -tolerance=1e-06 -s=dassl -outputFormat=mat -variableFilter=.* -r=C:/Users/shwet/AppData/Local/Temp/OpenModelica/OMEdit/NonInteractingTanks.TwoConnectedTanks/TwoConnectedTanks_res.mat -w -lv=LOG_STDOUT,LOG_ASSERT,LOG_STATS -inputPath=C:/Users/shwet/AppData/Local/Temp/OpenModelica/OMEdit/NonInteractingTanks.TwoConnectedTanks -outputPath=C:/Users/shwet/AppData/Local/Temp/OpenModelica/OMEdit/NonInteractingTanks.TwoConnectedTanks</p>
LOG_SUCCESS		| info	 | <p>The initialization finished successfully without homotopy method.</p>
LOG_STATS		| info	 | <p>### STATISTICS ###</p>
|		| |	 | | <p>timer</p>
|		| |	 | | | <p>   0.0008508s          reading init.xml</p>
|		| |	 | | | <p>   0.0008931s          reading info.xml</p>
|		| |	 | | | <p>   0.0005384s [  4.7%] pre-initialization</p>
|		| |	 | | | <p>   0.0008168s [  7.1%] initialization</p>
|		| |	 | | | <p>     5.9e-06s [  0.1%] steps</p>
|		| |	 | | | <p>   0.0014554s [ 12.7%] solver (excl. callbacks)</p>
|		| |	 | | | <p>   0.0009099s [  7.9%] creating output-file</p>
|		| |	 | | | <p>   0.0001257s [  1.1%] event-handling</p>
|		| |	 | | | <p>   0.0002928s [  2.5%] overhead</p>
|		| |	 | | | <p>   0.0073557s [ 64.0%] simulation</p>
|		| |	 | | | <p>   0.0115006s [100.0%] total</p>
|		| |	 | | <p>events</p>
|		| |	 | | | <p>    0 state events</p>
|		| |	 | | | <p>    0 time events</p>
|		| |	 | | <p>solver: dassl</p>
|		| |	 | | | <p>   22 steps taken</p>
|		| |	 | | | <p>   22 calls of functionODE</p>
|		| |	 | | | <p>   21 evaluations of jacobian</p>
|		| |	 | | | <p>    0 error test failures</p>
|		| |	 | | | <p>    0 convergence test failures</p>
|		| |	 | | | <p>9.4e-06s time of jacobian evaluation</p>
LOG_SUCCESS		| info	 | <p>The simulation finished successfully.</p>
